[ 2016-07-25T10:46:46+08:00 ] ::1 /hideseek/
INFO: [ app_init ] --START--
INFO: Run Behavior\BuildLiteBehavior [ RunTime:0.000000s ]
INFO: [ app_init ] --END-- [ RunTime:0.069004s ]
INFO: [ app_begin ] --START--
INFO: Run Behavior\ReadHtmlCacheBehavior [ RunTime:0.013000s ]
INFO: [ app_begin ] --END-- [ RunTime:0.013000s ]
NOTIC: [8] Undefined variable: message C:\xampp\htdocs\hideseek\Application\Home\Controller\IndexController.class.php 第 6 行.
NOTIC: [8] Undefined variable: version C:\xampp\htdocs\hideseek\Application\Home\Controller\IndexController.class.php 第 8 行.
NOTIC: [8] Undefined variable: friends C:\xampp\htdocs\hideseek\Application\Home\Controller\IndexController.class.php 第 9 行.
ERR: SQLSTATE[HY000] [1049] Unknown database 'hideseek'

[ 2016-07-25T10:48:56+08:00 ] ::1 /hideseek/
INFO: [ app_init ] --START--
INFO: Run Behavior\BuildLiteBehavior [ RunTime:0.000000s ]
INFO: [ app_init ] --END-- [ RunTime:0.001000s ]
INFO: [ app_begin ] --START--
INFO: Run Behavior\ReadHtmlCacheBehavior [ RunTime:0.001000s ]
INFO: [ app_begin ] --END-- [ RunTime:0.001000s ]
NOTIC: [8] Undefined variable: message C:\xampp\htdocs\hideseek\Application\Home\Controller\IndexController.class.php 第 6 行.
NOTIC: [8] Undefined variable: version C:\xampp\htdocs\hideseek\Application\Home\Controller\IndexController.class.php 第 8 行.
NOTIC: [8] Undefined variable: friends C:\xampp\htdocs\hideseek\Application\Home\Controller\IndexController.class.php 第 9 行.
ERR: SQLSTATE[HY000] [1049] Unknown database 'hideseek'

