[ 2016-08-13T20:11:35+08:00 ] ::1 /hideseek/
INFO: [ app_init ] --START--
INFO: Run Behavior\BuildLiteBehavior [ RunTime:0.000000s ]
INFO: [ app_init ] --END-- [ RunTime:0.001001s ]
INFO: [ app_begin ] --START--
INFO: Run Behavior\ReadHtmlCacheBehavior [ RunTime:0.016001s ]
INFO: [ app_begin ] --END-- [ RunTime:0.016001s ]
NOTIC: [8] Undefined variable: message C:\xampp\htdocs\hideseek\Application\Home\Controller\IndexController.class.php Á¨¨ 6 Ë°å.
NOTIC: [8] Undefined variable: version C:\xampp\htdocs\hideseek\Application\Home\Controller\IndexController.class.php Á¨¨ 8 Ë°å.
NOTIC: [8] Undefined variable: friends C:\xampp\htdocs\hideseek\Application\Home\Controller\IndexController.class.php Á¨¨ 9 Ë°å.
ERR: SQLSTATE[HY000] [2002] ”…”⁄¡¨Ω”∑Ω‘⁄“ª∂Œ ±º‰∫Û√ª”–’˝»∑¥∏¥ªÚ¡¨Ω”µƒ÷˜ª˙√ª”–∑¥”¶£¨¡¨Ω”≥¢ ‘ ß∞‹°£


[ 2016-08-13T20:11:46+08:00 ] ::1 /hideseek/
INFO: [ app_init ] --START--
INFO: Run Behavior\BuildLiteBehavior [ RunTime:0.000000s ]
INFO: [ app_init ] --END-- [ RunTime:0.001000s ]
INFO: [ app_begin ] --START--
INFO: Run Behavior\ReadHtmlCacheBehavior [ RunTime:0.001000s ]
INFO: [ app_begin ] --END-- [ RunTime:0.001000s ]
NOTIC: [8] Undefined variable: message C:\xampp\htdocs\hideseek\Application\Home\Controller\IndexController.class.php Á¨¨ 6 Ë°å.
NOTIC: [8] Undefined variable: version C:\xampp\htdocs\hideseek\Application\Home\Controller\IndexController.class.php Á¨¨ 8 Ë°å.
NOTIC: [8] Undefined variable: friends C:\xampp\htdocs\hideseek\Application\Home\Controller\IndexController.class.php Á¨¨ 9 Ë°å.
ERR: SQLSTATE[HY000] [2002] ”…”⁄¡¨Ω”∑Ω‘⁄“ª∂Œ ±º‰∫Û√ª”–’˝»∑¥∏¥ªÚ¡¨Ω”µƒ÷˜ª˙√ª”–∑¥”¶£¨¡¨Ω”≥¢ ‘ ß∞‹°£


[ 2016-08-13T20:11:54+08:00 ] ::1 /hideseek/
INFO: [ app_init ] --START--
INFO: Run Behavior\BuildLiteBehavior [ RunTime:0.000000s ]
INFO: [ app_init ] --END-- [ RunTime:0.001000s ]
INFO: [ app_begin ] --START--
INFO: Run Behavior\ReadHtmlCacheBehavior [ RunTime:0.001000s ]
INFO: [ app_begin ] --END-- [ RunTime:0.001000s ]
NOTIC: [8] Undefined variable: message C:\xampp\htdocs\hideseek\Application\Home\Controller\IndexController.class.php Á¨¨ 6 Ë°å.
NOTIC: [8] Undefined variable: version C:\xampp\htdocs\hideseek\Application\Home\Controller\IndexController.class.php Á¨¨ 8 Ë°å.
NOTIC: [8] Undefined variable: friends C:\xampp\htdocs\hideseek\Application\Home\Controller\IndexController.class.php Á¨¨ 9 Ë°å.
ERR: SQLSTATE[HY000] [2002] ”…”⁄¡¨Ω”∑Ω‘⁄“ª∂Œ ±º‰∫Û√ª”–’˝»∑¥∏¥ªÚ¡¨Ω”µƒ÷˜ª˙√ª”–∑¥”¶£¨¡¨Ω”≥¢ ‘ ß∞‹°£


[ 2016-08-13T20:12:10+08:00 ] ::1 /hideseek/
INFO: [ app_init ] --START--
INFO: Run Behavior\BuildLiteBehavior [ RunTime:0.000000s ]
INFO: [ app_init ] --END-- [ RunTime:0.001000s ]
INFO: [ app_begin ] --START--
INFO: Run Behavior\ReadHtmlCacheBehavior [ RunTime:0.001000s ]
INFO: [ app_begin ] --END-- [ RunTime:0.001000s ]
NOTIC: [8] Undefined variable: message C:\xampp\htdocs\hideseek\Application\Home\Controller\IndexController.class.php Á¨¨ 6 Ë°å.
NOTIC: [8] Undefined variable: version C:\xampp\htdocs\hideseek\Application\Home\Controller\IndexController.class.php Á¨¨ 8 Ë°å.
NOTIC: [8] Undefined variable: friends C:\xampp\htdocs\hideseek\Application\Home\Controller\IndexController.class.php Á¨¨ 9 Ë°å.
ERR: SQLSTATE[HY000] [2002] ”…”⁄¡¨Ω”∑Ω‘⁄“ª∂Œ ±º‰∫Û√ª”–’˝»∑¥∏¥ªÚ¡¨Ω”µƒ÷˜ª˙√ª”–∑¥”¶£¨¡¨Ω”≥¢ ‘ ß∞‹°£


[ 2016-08-13T20:12:14+08:00 ] ::1 /hideseek/
INFO: [ app_init ] --START--
INFO: Run Behavior\BuildLiteBehavior [ RunTime:0.000000s ]
INFO: [ app_init ] --END-- [ RunTime:0.001000s ]
INFO: [ app_begin ] --START--
INFO: Run Behavior\ReadHtmlCacheBehavior [ RunTime:0.001000s ]
INFO: [ app_begin ] --END-- [ RunTime:0.001000s ]
NOTIC: [8] Undefined variable: message C:\xampp\htdocs\hideseek\Application\Home\Controller\IndexController.class.php Á¨¨ 6 Ë°å.
NOTIC: [8] Undefined variable: version C:\xampp\htdocs\hideseek\Application\Home\Controller\IndexController.class.php Á¨¨ 8 Ë°å.
NOTIC: [8] Undefined variable: friends C:\xampp\htdocs\hideseek\Application\Home\Controller\IndexController.class.php Á¨¨ 9 Ë°å.
ERR: SQLSTATE[HY000] [2002] ”…”⁄¡¨Ω”∑Ω‘⁄“ª∂Œ ±º‰∫Û√ª”–’˝»∑¥∏¥ªÚ¡¨Ω”µƒ÷˜ª˙√ª”–∑¥”¶£¨¡¨Ω”≥¢ ‘ ß∞‹°£


[ 2016-08-13T20:12:21+08:00 ] ::1 /hideseek/
INFO: [ app_init ] --START--
INFO: Run Behavior\BuildLiteBehavior [ RunTime:0.000000s ]
INFO: [ app_init ] --END-- [ RunTime:0.001000s ]
INFO: [ app_begin ] --START--
INFO: Run Behavior\ReadHtmlCacheBehavior [ RunTime:0.001000s ]
INFO: [ app_begin ] --END-- [ RunTime:0.001000s ]
NOTIC: [8] Undefined variable: message C:\xampp\htdocs\hideseek\Application\Home\Controller\IndexController.class.php Á¨¨ 6 Ë°å.
NOTIC: [8] Undefined variable: version C:\xampp\htdocs\hideseek\Application\Home\Controller\IndexController.class.php Á¨¨ 8 Ë°å.
NOTIC: [8] Undefined variable: friends C:\xampp\htdocs\hideseek\Application\Home\Controller\IndexController.class.php Á¨¨ 9 Ë°å.
ERR: SQLSTATE[HY000] [2002] ”…”⁄¡¨Ω”∑Ω‘⁄“ª∂Œ ±º‰∫Û√ª”–’˝»∑¥∏¥ªÚ¡¨Ω”µƒ÷˜ª˙√ª”–∑¥”¶£¨¡¨Ω”≥¢ ‘ ß∞‹°£


[ 2016-08-13T20:12:28+08:00 ] ::1 /hideseek/
INFO: [ app_init ] --START--
INFO: Run Behavior\BuildLiteBehavior [ RunTime:0.000000s ]
INFO: [ app_init ] --END-- [ RunTime:0.002001s ]
INFO: [ app_begin ] --START--
INFO: Run Behavior\ReadHtmlCacheBehavior [ RunTime:0.001000s ]
INFO: [ app_begin ] --END-- [ RunTime:0.001000s ]
NOTIC: [8] Undefined variable: message C:\xampp\htdocs\hideseek\Application\Home\Controller\IndexController.class.php Á¨¨ 6 Ë°å.
NOTIC: [8] Undefined variable: version C:\xampp\htdocs\hideseek\Application\Home\Controller\IndexController.class.php Á¨¨ 8 Ë°å.
NOTIC: [8] Undefined variable: friends C:\xampp\htdocs\hideseek\Application\Home\Controller\IndexController.class.php Á¨¨ 9 Ë°å.
ERR: SQLSTATE[HY000] [2002] ”…”⁄¡¨Ω”∑Ω‘⁄“ª∂Œ ±º‰∫Û√ª”–’˝»∑¥∏¥ªÚ¡¨Ω”µƒ÷˜ª˙√ª”–∑¥”¶£¨¡¨Ω”≥¢ ‘ ß∞‹°£


[ 2016-08-13T20:12:57+08:00 ] ::1 /hideseek/
INFO: [ app_init ] --START--
INFO: Run Behavior\BuildLiteBehavior [ RunTime:0.000000s ]
INFO: [ app_init ] --END-- [ RunTime:0.001000s ]
INFO: [ app_begin ] --START--
INFO: Run Behavior\ReadHtmlCacheBehavior [ RunTime:0.002000s ]
INFO: [ app_begin ] --END-- [ RunTime:0.002000s ]
NOTIC: [8] Undefined variable: message C:\xampp\htdocs\hideseek\Application\Home\Controller\IndexController.class.php Á¨¨ 6 Ë°å.
NOTIC: [8] Undefined variable: version C:\xampp\htdocs\hideseek\Application\Home\Controller\IndexController.class.php Á¨¨ 8 Ë°å.
NOTIC: [8] Undefined variable: friends C:\xampp\htdocs\hideseek\Application\Home\Controller\IndexController.class.php Á¨¨ 9 Ë°å.
ERR: SQLSTATE[HY000] [2002] ”…”⁄¡¨Ω”∑Ω‘⁄“ª∂Œ ±º‰∫Û√ª”–’˝»∑¥∏¥ªÚ¡¨Ω”µƒ÷˜ª˙√ª”–∑¥”¶£¨¡¨Ω”≥¢ ‘ ß∞‹°£


