[ 2016-08-13T20:09:42+08:00 ] ::1 /hideseek/webpnet1/webpnet.html
INFO: [ app_init ] --START--
INFO: Run Behavior\BuildLiteBehavior [ RunTime:0.000000s ]
INFO: [ app_init ] --END-- [ RunTime:0.056004s ]
ERR: 无法加载模块:Webpnet1

[ 2016-08-13T20:11:13+08:00 ] ::1 /hideseek/border-radius.htc
INFO: [ app_init ] --START--
INFO: Run Behavior\BuildLiteBehavior [ RunTime:0.000000s ]
INFO: [ app_init ] --END-- [ RunTime:0.001000s ]
ERR: 无法加载模块:Border-radius

[ 2016-08-13T20:11:25+08:00 ] ::1 /hideseek/border-radius.htc
INFO: [ app_init ] --START--
INFO: Run Behavior\BuildLiteBehavior [ RunTime:0.000000s ]
INFO: [ app_init ] --END-- [ RunTime:0.001000s ]
ERR: 无法加载模块:Border-radius

[ 2016-08-13T20:11:33+08:00 ] ::1 /hideseek/border-radius.htc
INFO: [ app_init ] --START--
INFO: Run Behavior\BuildLiteBehavior [ RunTime:0.000000s ]
INFO: [ app_init ] --END-- [ RunTime:0.001000s ]
ERR: 无法加载模块:Border-radius

[ 2016-08-13T20:11:49+08:00 ] ::1 /hideseek/border-radius.htc
INFO: [ app_init ] --START--
INFO: Run Behavior\BuildLiteBehavior [ RunTime:0.000000s ]
INFO: [ app_init ] --END-- [ RunTime:0.002000s ]
ERR: 无法加载模块:Border-radius

[ 2016-08-13T20:11:53+08:00 ] ::1 /hideseek/border-radius.htc
INFO: [ app_init ] --START--
INFO: Run Behavior\BuildLiteBehavior [ RunTime:0.000000s ]
INFO: [ app_init ] --END-- [ RunTime:0.000000s ]
ERR: 无法加载模块:Border-radius

[ 2016-08-13T20:12:00+08:00 ] ::1 /hideseek/border-radius.htc
INFO: [ app_init ] --START--
INFO: Run Behavior\BuildLiteBehavior [ RunTime:0.000000s ]
INFO: [ app_init ] --END-- [ RunTime:0.001000s ]
ERR: 无法加载模块:Border-radius

[ 2016-08-13T20:12:07+08:00 ] ::1 /hideseek/border-radius.htc
INFO: [ app_init ] --START--
INFO: Run Behavior\BuildLiteBehavior [ RunTime:0.000000s ]
INFO: [ app_init ] --END-- [ RunTime:0.000000s ]
ERR: 无法加载模块:Border-radius

[ 2016-08-13T20:12:27+08:00 ] ::1 /hideseek/webpnet/screen.html
INFO: [ app_init ] --START--
INFO: Run Behavior\BuildLiteBehavior [ RunTime:0.000000s ]
INFO: [ app_init ] --END-- [ RunTime:0.001000s ]
ERR: 无法加载模块:Webpnet

[ 2016-08-13T20:12:36+08:00 ] ::1 /hideseek/border-radius.htc
INFO: [ app_init ] --START--
INFO: Run Behavior\BuildLiteBehavior [ RunTime:0.000000s ]
INFO: [ app_init ] --END-- [ RunTime:0.000000s ]
ERR: 无法加载模块:Border-radius

