[ 2016-07-13T10:49:28+08:00 ] ::1 /web/hideseek/webgame.html
INFO: [ app_init ] --START--
INFO: Run Behavior\BuildLiteBehavior [ RunTime:0.001000s ]
INFO: [ app_init ] --END-- [ RunTime:0.054003s ]
ERR: 无法加载模块:Webgame

[ 2016-07-13T13:04:02+08:00 ] ::1 /web/hideseek/webcnet/webcnet.html
INFO: [ app_init ] --START--
INFO: Run Behavior\BuildLiteBehavior [ RunTime:0.000000s ]
INFO: [ app_init ] --END-- [ RunTime:0.095006s ]
ERR: 无法加载模块:Webcnet

[ 2016-07-13T13:04:24+08:00 ] ::1 /web/hideseek/webcnet.html
INFO: [ app_init ] --START--
INFO: Run Behavior\BuildLiteBehavior [ RunTime:0.000000s ]
INFO: [ app_init ] --END-- [ RunTime:0.001000s ]
ERR: 无法加载模块:Webcnet

[ 2016-07-13T13:04:30+08:00 ] ::1 /web/hideseek/webcnet.html
INFO: [ app_init ] --START--
INFO: Run Behavior\BuildLiteBehavior [ RunTime:0.000000s ]
INFO: [ app_init ] --END-- [ RunTime:0.001000s ]
ERR: 无法加载模块:Webcnet

[ 2016-07-13T13:05:20+08:00 ] ::1 /web/hideseek/webcnet/webcnet.html
INFO: [ app_init ] --START--
INFO: Run Behavior\BuildLiteBehavior [ RunTime:0.000000s ]
INFO: [ app_init ] --END-- [ RunTime:0.001001s ]
ERR: 无法加载模块:Webcnet

[ 2016-07-13T15:25:55+08:00 ] ::1 /web/hideseek/webcnet/webcnet
INFO: [ app_init ] --START--
INFO: Run Behavior\BuildLiteBehavior [ RunTime:0.000000s ]
INFO: [ app_init ] --END-- [ RunTime:0.083005s ]
ERR: 无法加载模块:Webcnet

