[ 2016-09-14T02:21:58+08:00 ] ::1 /hideseek/Application/Home/View/Index/__PUBLIC__/css/webcnet.css
INFO: [ app_init ] --START--
INFO: Run Behavior\BuildLiteBehavior [ RunTime:0.000000s ]
INFO: [ app_init ] --END-- [ RunTime:0.043003s ]
ERR: 无法加载模块:Application

[ 2016-09-14T02:21:58+08:00 ] ::1 /hideseek/Application/Home/View/Index/__PUBLIC__/js/webpnet.js
INFO: [ app_init ] --START--
INFO: Run Behavior\BuildLiteBehavior [ RunTime:0.000000s ]
INFO: [ app_init ] --END-- [ RunTime:0.042003s ]
ERR: 无法加载模块:Application

[ 2016-09-14T02:21:58+08:00 ] ::1 /hideseek/Application/Home/View/Index/__PUBLIC__/js/bootstrap.min.js
INFO: [ app_init ] --START--
INFO: Run Behavior\BuildLiteBehavior [ RunTime:0.000000s ]
INFO: [ app_init ] --END-- [ RunTime:0.043003s ]
ERR: 无法加载模块:Application

[ 2016-09-14T02:21:58+08:00 ] ::1 /hideseek/Application/Home/View/Index/__PUBLIC__/js/jquery.js
INFO: [ app_init ] --START--
INFO: Run Behavior\BuildLiteBehavior [ RunTime:0.000000s ]
INFO: [ app_init ] --END-- [ RunTime:0.042003s ]
ERR: 无法加载模块:Application

[ 2016-09-14T02:21:58+08:00 ] ::1 /hideseek/Application/Home/View/Index/__PUBLIC__/js/distpicker.data.js
INFO: [ app_init ] --START--
INFO: Run Behavior\BuildLiteBehavior [ RunTime:0.000000s ]
INFO: [ app_init ] --END-- [ RunTime:0.041003s ]
ERR: 无法加载模块:Application

[ 2016-09-14T02:21:58+08:00 ] ::1 /hideseek/Application/Home/View/Index/__PUBLIC__/js/main.js
INFO: [ app_init ] --START--
INFO: Run Behavior\BuildLiteBehavior [ RunTime:0.000000s ]
INFO: [ app_init ] --END-- [ RunTime:0.001000s ]
ERR: 无法加载模块:Application

[ 2016-09-14T02:21:58+08:00 ] ::1 /hideseek/Application/Home/View/Index/__PUBLIC__/js/distpicker.js
INFO: [ app_init ] --START--
INFO: Run Behavior\BuildLiteBehavior [ RunTime:0.000000s ]
INFO: [ app_init ] --END-- [ RunTime:0.001000s ]
ERR: 无法加载模块:Application

[ 2016-09-14T02:21:58+08:00 ] ::1 /hideseek/Application/Home/View/Index/__PUBLIC__/js/editpic.js
INFO: [ app_init ] --START--
INFO: Run Behavior\BuildLiteBehavior [ RunTime:0.000000s ]
INFO: [ app_init ] --END-- [ RunTime:0.001000s ]
ERR: 无法加载模块:Application

[ 2016-09-14T02:21:58+08:00 ] ::1 /hideseek/Application/Home/View/Index/__PUBLIC__/js/exif.js
INFO: [ app_init ] --START--
INFO: Run Behavior\BuildLiteBehavior [ RunTime:0.000000s ]
INFO: [ app_init ] --END-- [ RunTime:0.043003s ]
ERR: 无法加载模块:Application

[ 2016-09-14T02:21:58+08:00 ] ::1 /hideseek/Application/Home/View/Index/__PUBLIC__/js/querycity.js
INFO: [ app_init ] --START--
INFO: Run Behavior\BuildLiteBehavior [ RunTime:0.000000s ]
INFO: [ app_init ] --END-- [ RunTime:0.000000s ]
ERR: 无法加载模块:Application

[ 2016-09-14T02:21:58+08:00 ] ::1 /hideseek/Application/Home/View/Index/__PUBLIC__/Image/Web/logo.png
INFO: [ app_init ] --START--
INFO: Run Behavior\BuildLiteBehavior [ RunTime:0.000000s ]
INFO: [ app_init ] --END-- [ RunTime:0.000000s ]
ERR: 无法加载模块:Application

[ 2016-09-14T02:21:58+08:00 ] ::1 /hideseek/Application/Home/View/Index/__PUBLIC__/Image/Web/mypicture.png
INFO: [ app_init ] --START--
INFO: Run Behavior\BuildLiteBehavior [ RunTime:0.000000s ]
INFO: [ app_init ] --END-- [ RunTime:0.001000s ]
ERR: 无法加载模块:Application

[ 2016-09-14T02:21:58+08:00 ] ::1 /hideseek/Application/Home/View/Index/__PUBLIC__/Image/Web/road.gif
INFO: [ app_init ] --START--
INFO: Run Behavior\BuildLiteBehavior [ RunTime:0.000000s ]
INFO: [ app_init ] --END-- [ RunTime:0.002000s ]
ERR: 无法加载模块:Application

[ 2016-09-14T02:21:58+08:00 ] ::1 /hideseek/Application/Home/View/Index/__PUBLIC__/Image/Web/road1.gif
INFO: [ app_init ] --START--
INFO: Run Behavior\BuildLiteBehavior [ RunTime:0.000000s ]
INFO: [ app_init ] --END-- [ RunTime:0.001000s ]
ERR: 无法加载模块:Application

[ 2016-09-14T02:21:58+08:00 ] ::1 /hideseek/Application/Home/View/Index/__PUBLIC__/Image/Web/road2.gif
INFO: [ app_init ] --START--
INFO: Run Behavior\BuildLiteBehavior [ RunTime:0.000000s ]
INFO: [ app_init ] --END-- [ RunTime:0.002000s ]
ERR: 无法加载模块:Application

[ 2016-09-14T02:21:58+08:00 ] ::1 /hideseek/Application/Home/View/Index/__PUBLIC__/Image/Web/phone.png
INFO: [ app_init ] --START--
INFO: Run Behavior\BuildLiteBehavior [ RunTime:0.000000s ]
INFO: [ app_init ] --END-- [ RunTime:0.000000s ]
ERR: 无法加载模块:Application

[ 2016-09-14T02:21:58+08:00 ] ::1 /hideseek/Application/Home/View/Index/__PUBLIC__/Image/Web/test_title.png
INFO: [ app_init ] --START--
INFO: Run Behavior\BuildLiteBehavior [ RunTime:0.000000s ]
INFO: [ app_init ] --END-- [ RunTime:0.001000s ]
ERR: 无法加载模块:Application

[ 2016-09-14T02:21:58+08:00 ] ::1 /hideseek/Application/Home/View/Index/__PUBLIC__/Image/Web/password.png
INFO: [ app_init ] --START--
INFO: Run Behavior\BuildLiteBehavior [ RunTime:0.000000s ]
INFO: [ app_init ] --END-- [ RunTime:0.001000s ]
ERR: 无法加载模块:Application

[ 2016-09-14T02:21:58+08:00 ] ::1 /hideseek/Application/Home/View/Index/__PUBLIC__/Image/Web/account.png
INFO: [ app_init ] --START--
INFO: Run Behavior\BuildLiteBehavior [ RunTime:0.000000s ]
INFO: [ app_init ] --END-- [ RunTime:0.001000s ]
ERR: 无法加载模块:Application

[ 2016-09-14T02:21:59+08:00 ] ::1 /hideseek/Application/Home/View/Index/__PUBLIC__/Image/Web/upframe.png
INFO: [ app_init ] --START--
INFO: Run Behavior\BuildLiteBehavior [ RunTime:0.000000s ]
INFO: [ app_init ] --END-- [ RunTime:0.000000s ]
ERR: 无法加载模块:Application

[ 2016-09-14T02:21:59+08:00 ] ::1 /hideseek/Application/Home/View/Index/__PUBLIC__/Image/Web/downframe.png
INFO: [ app_init ] --START--
INFO: Run Behavior\BuildLiteBehavior [ RunTime:0.000000s ]
INFO: [ app_init ] --END-- [ RunTime:0.000000s ]
ERR: 无法加载模块:Application

[ 2016-09-14T02:21:59+08:00 ] ::1 /hideseek/Application/Home/View/Index/__PUBLIC__/Image/Web/grassfairy.jpg
INFO: [ app_init ] --START--
INFO: Run Behavior\BuildLiteBehavior [ RunTime:0.000000s ]
INFO: [ app_init ] --END-- [ RunTime:0.000000s ]
ERR: 无法加载模块:Application

[ 2016-09-14T02:22:00+08:00 ] ::1 /hideseek/Application/Home/View/Index/__PUBLIC__/Image/Web/hideseek.ico
INFO: [ app_init ] --START--
INFO: Run Behavior\BuildLiteBehavior [ RunTime:0.000000s ]
INFO: [ app_init ] --END-- [ RunTime:0.000000s ]
ERR: 无法加载模块:Application

