[ 2016-08-11T08:48:23+08:00 ] ::1 /hideseek/webpnet/css/webcnet.css
INFO: [ app_init ] --START--
INFO: Run Behavior\BuildLiteBehavior [ RunTime:0.000000s ]
INFO: [ app_init ] --END-- [ RunTime:0.067004s ]
ERR: 无法加载模块:Webpnet

[ 2016-08-11T08:49:41+08:00 ] ::1 /hideseek/webpnet/css/webcnet.css
INFO: [ app_init ] --START--
INFO: Run Behavior\BuildLiteBehavior [ RunTime:0.001000s ]
INFO: [ app_init ] --END-- [ RunTime:0.001000s ]
ERR: 无法加载模块:Webpnet

[ 2016-08-11T08:50:51+08:00 ] ::1 /hideseek/webpnet/css/webcnet.css
INFO: [ app_init ] --START--
INFO: Run Behavior\BuildLiteBehavior [ RunTime:0.000000s ]
INFO: [ app_init ] --END-- [ RunTime:0.001000s ]
ERR: 无法加载模块:Webpnet

[ 2016-08-11T08:52:24+08:00 ] ::1 /hideseek/webpnet/css/webcnet.css
INFO: [ app_init ] --START--
INFO: Run Behavior\BuildLiteBehavior [ RunTime:0.000000s ]
INFO: [ app_init ] --END-- [ RunTime:0.001000s ]
ERR: 无法加载模块:Webpnet

[ 2016-08-11T08:52:33+08:00 ] ::1 /hideseek/webpnet/css/webcnet.css
INFO: [ app_init ] --START--
INFO: Run Behavior\BuildLiteBehavior [ RunTime:0.000000s ]
INFO: [ app_init ] --END-- [ RunTime:0.000000s ]
ERR: 无法加载模块:Webpnet

[ 2016-08-11T08:54:24+08:00 ] ::1 /hideseek/webpnet/css/webcnet.css
INFO: [ app_init ] --START--
INFO: Run Behavior\BuildLiteBehavior [ RunTime:0.001000s ]
INFO: [ app_init ] --END-- [ RunTime:0.001000s ]
ERR: 无法加载模块:Webpnet

