[ 2016-07-30T09:02:04+08:00 ] ::1 /hideseek/webcnet/css/common.css
INFO: [ app_init ] --START--
INFO: Run Behavior\BuildLiteBehavior [ RunTime:0.000000s ]
INFO: [ app_init ] --END-- [ RunTime:0.068003s ]
ERR: 无法加载模块:Webcnet

[ 2016-07-30T09:03:16+08:00 ] ::1 /hideseek/webcnet/css/common.css
INFO: [ app_init ] --START--
INFO: Run Behavior\BuildLiteBehavior [ RunTime:0.000000s ]
INFO: [ app_init ] --END-- [ RunTime:0.001000s ]
ERR: 无法加载模块:Webcnet

[ 2016-07-30T09:17:19+08:00 ] ::1 /hideseek/webpnet1/css/webpnet.css
INFO: [ app_init ] --START--
INFO: Run Behavior\BuildLiteBehavior [ RunTime:0.000000s ]
INFO: [ app_init ] --END-- [ RunTime:0.002000s ]
ERR: 无法加载模块:Webpnet1

[ 2016-07-30T09:17:44+08:00 ] ::1 /hideseek/webpnet1/css/webpnet.css
INFO: [ app_init ] --START--
INFO: Run Behavior\BuildLiteBehavior [ RunTime:0.000000s ]
INFO: [ app_init ] --END-- [ RunTime:0.001000s ]
ERR: 无法加载模块:Webpnet1

[ 2016-07-30T09:17:44+08:00 ] ::1 /hideseek/webpnet1/js/webcnet.js
INFO: [ app_init ] --START--
INFO: Run Behavior\BuildLiteBehavior [ RunTime:0.000000s ]
INFO: [ app_init ] --END-- [ RunTime:0.001000s ]
ERR: 无法加载模块:Webpnet1

[ 2016-07-30T10:29:09+08:00 ] ::1 /hideseek/webpnet1/css/img/mushroom.png
INFO: [ app_init ] --START--
INFO: Run Behavior\BuildLiteBehavior [ RunTime:0.001000s ]
INFO: [ app_init ] --END-- [ RunTime:0.064003s ]
ERR: 无法加载模块:Webpnet1

[ 2016-07-30T10:31:01+08:00 ] ::1 /hideseek/webpnet1/css/img/mushroom.png
INFO: [ app_init ] --START--
INFO: Run Behavior\BuildLiteBehavior [ RunTime:0.000000s ]
INFO: [ app_init ] --END-- [ RunTime:0.021001s ]
ERR: 无法加载模块:Webpnet1

