[ 2016-07-29T09:50:55+08:00 ] ::1 /hideseek/webpnet/css/img/right_arrow.png
INFO: [ app_init ] --START--
INFO: Run Behavior\BuildLiteBehavior [ RunTime:0.000000s ]
INFO: [ app_init ] --END-- [ RunTime:0.322019s ]
ERR: 无法加载模块:Webpnet

[ 2016-07-29T10:50:39+08:00 ] 192.168.0.104 /hideseek/webpnet/undefined
INFO: [ app_init ] --START--
INFO: Run Behavior\BuildLiteBehavior [ RunTime:0.001000s ]
INFO: [ app_init ] --END-- [ RunTime:0.167010s ]
ERR: 无法加载模块:Webpnet

[ 2016-07-29T10:51:54+08:00 ] 192.168.0.104 /hideseek/webpnet/undefined
INFO: [ app_init ] --START--
INFO: Run Behavior\BuildLiteBehavior [ RunTime:0.000000s ]
INFO: [ app_init ] --END-- [ RunTime:0.068003s ]
ERR: 无法加载模块:Webpnet

[ 2016-07-29T10:51:55+08:00 ] 192.168.0.104 /hideseek/webpnet/undefined
INFO: [ app_init ] --START--
INFO: Run Behavior\BuildLiteBehavior [ RunTime:0.000000s ]
INFO: [ app_init ] --END-- [ RunTime:0.001000s ]
ERR: 无法加载模块:Webpnet

[ 2016-07-29T10:51:55+08:00 ] 192.168.0.104 /hideseek/webpnet/undefined
INFO: [ app_init ] --START--
INFO: Run Behavior\BuildLiteBehavior [ RunTime:0.000000s ]
INFO: [ app_init ] --END-- [ RunTime:0.001000s ]
ERR: 无法加载模块:Webpnet

[ 2016-07-29T10:51:56+08:00 ] 192.168.0.104 /hideseek/webpnet/undefined
INFO: [ app_init ] --START--
INFO: Run Behavior\BuildLiteBehavior [ RunTime:0.000000s ]
INFO: [ app_init ] --END-- [ RunTime:0.000000s ]
ERR: 无法加载模块:Webpnet

[ 2016-07-29T10:53:04+08:00 ] ::1 /hideseek/webpnet/undefined
INFO: [ app_init ] --START--
INFO: Run Behavior\BuildLiteBehavior [ RunTime:0.000000s ]
INFO: [ app_init ] --END-- [ RunTime:0.000000s ]
ERR: 无法加载模块:Webpnet

[ 2016-07-29T10:53:05+08:00 ] ::1 /hideseek/webpnet/undefined
INFO: [ app_init ] --START--
INFO: Run Behavior\BuildLiteBehavior [ RunTime:0.000000s ]
INFO: [ app_init ] --END-- [ RunTime:0.000000s ]
ERR: 无法加载模块:Webpnet

[ 2016-07-29T10:53:05+08:00 ] ::1 /hideseek/webpnet/undefined
INFO: [ app_init ] --START--
INFO: Run Behavior\BuildLiteBehavior [ RunTime:0.000000s ]
INFO: [ app_init ] --END-- [ RunTime:0.000000s ]
ERR: 无法加载模块:Webpnet

[ 2016-07-29T10:53:06+08:00 ] ::1 /hideseek/webpnet/undefined
INFO: [ app_init ] --START--
INFO: Run Behavior\BuildLiteBehavior [ RunTime:0.000000s ]
INFO: [ app_init ] --END-- [ RunTime:0.001000s ]
ERR: 无法加载模块:Webpnet

[ 2016-07-29T10:53:57+08:00 ] ::1 /hideseek/webpnet/undefined
INFO: [ app_init ] --START--
INFO: Run Behavior\BuildLiteBehavior [ RunTime:0.000000s ]
INFO: [ app_init ] --END-- [ RunTime:0.001000s ]
ERR: 无法加载模块:Webpnet

[ 2016-07-29T10:54:07+08:00 ] ::1 /hideseek/webpnet/undefined
INFO: [ app_init ] --START--
INFO: Run Behavior\BuildLiteBehavior [ RunTime:0.000000s ]
INFO: [ app_init ] --END-- [ RunTime:0.001000s ]
ERR: 无法加载模块:Webpnet

[ 2016-07-29T10:54:17+08:00 ] ::1 /hideseek/webpnet/undefined
INFO: [ app_init ] --START--
INFO: Run Behavior\BuildLiteBehavior [ RunTime:0.000000s ]
INFO: [ app_init ] --END-- [ RunTime:0.001000s ]
ERR: 无法加载模块:Webpnet

[ 2016-07-29T10:54:27+08:00 ] ::1 /hideseek/webpnet/undefined
INFO: [ app_init ] --START--
INFO: Run Behavior\BuildLiteBehavior [ RunTime:0.000000s ]
INFO: [ app_init ] --END-- [ RunTime:0.001000s ]
ERR: 无法加载模块:Webpnet

