[ 2016-07-16T15:20:18+08:00 ] ::1 /web/hideseek/webpnet/img/logo.png
INFO: [ app_init ] --START--
INFO: Run Behavior\BuildLiteBehavior [ RunTime:0.001000s ]
INFO: [ app_init ] --END-- [ RunTime:0.080004s ]
ERR: 无法加载模块:Webpnet

[ 2016-07-16T15:26:46+08:00 ] ::1 /web/hideseek/webpnet/css/webcnet.css
INFO: [ app_init ] --START--
INFO: Run Behavior\BuildLiteBehavior [ RunTime:0.000000s ]
INFO: [ app_init ] --END-- [ RunTime:0.060003s ]
ERR: 无法加载模块:Webpnet

[ 2016-07-16T15:26:53+08:00 ] ::1 /web/hideseek/webpnet/css/webcnet.css
INFO: [ app_init ] --START--
INFO: Run Behavior\BuildLiteBehavior [ RunTime:0.000000s ]
INFO: [ app_init ] --END-- [ RunTime:0.001000s ]
ERR: 无法加载模块:Webpnet

[ 2016-07-16T15:27:21+08:00 ] ::1 /web/hideseek/webpnet/css/webcnet.css
INFO: [ app_init ] --START--
INFO: Run Behavior\BuildLiteBehavior [ RunTime:0.000000s ]
INFO: [ app_init ] --END-- [ RunTime:0.001000s ]
ERR: 无法加载模块:Webpnet

[ 2016-07-16T15:27:34+08:00 ] ::1 /web/hideseek/webpnet/css/webcnet.css
INFO: [ app_init ] --START--
INFO: Run Behavior\BuildLiteBehavior [ RunTime:0.000000s ]
INFO: [ app_init ] --END-- [ RunTime:0.002000s ]
ERR: 无法加载模块:Webpnet

[ 2016-07-16T15:27:49+08:00 ] ::1 /web/hideseek/webpnet/css/webcnet.css
INFO: [ app_init ] --START--
INFO: Run Behavior\BuildLiteBehavior [ RunTime:0.000000s ]
INFO: [ app_init ] --END-- [ RunTime:0.001000s ]
ERR: 无法加载模块:Webpnet

[ 2016-07-16T15:28:03+08:00 ] ::1 /web/hideseek/webpnet/css/webcnet.css
INFO: [ app_init ] --START--
INFO: Run Behavior\BuildLiteBehavior [ RunTime:0.000000s ]
INFO: [ app_init ] --END-- [ RunTime:0.001000s ]
ERR: 无法加载模块:Webpnet

