[ 2016-08-15T15:05:37+08:00 ] ::1 /hideseek/img/grassfairy.png
INFO: [ app_init ] --START--
INFO: Run Behavior\BuildLiteBehavior [ RunTime:0.001000s ]
INFO: [ app_init ] --END-- [ RunTime:0.072004s ]
ERR: 无法加载模块:Img

[ 2016-08-15T15:06:45+08:00 ] ::1 /hideseek/images/role5.jpg
INFO: [ app_init ] --START--
INFO: Run Behavior\BuildLiteBehavior [ RunTime:0.000000s ]
INFO: [ app_init ] --END-- [ RunTime:0.110006s ]
ERR: 无法加载模块:Images

[ 2016-08-15T15:06:45+08:00 ] ::1 /hideseek/images/role1.jpg
INFO: [ app_init ] --START--
INFO: Run Behavior\BuildLiteBehavior [ RunTime:0.000000s ]
INFO: [ app_init ] --END-- [ RunTime:0.035002s ]
ERR: 无法加载模块:Images

[ 2016-08-15T15:06:45+08:00 ] ::1 /hideseek/images/role2.jpg
INFO: [ app_init ] --START--
INFO: Run Behavior\BuildLiteBehavior [ RunTime:0.000000s ]
INFO: [ app_init ] --END-- [ RunTime:0.007000s ]
ERR: 无法加载模块:Images

[ 2016-08-15T15:06:45+08:00 ] ::1 /hideseek/images/role4.jpg
INFO: [ app_init ] --START--
INFO: Run Behavior\BuildLiteBehavior [ RunTime:0.000000s ]
INFO: [ app_init ] --END-- [ RunTime:0.001000s ]
ERR: 无法加载模块:Images

[ 2016-08-15T15:06:45+08:00 ] ::1 /hideseek/undefined
INFO: [ app_init ] --START--
INFO: Run Behavior\BuildLiteBehavior [ RunTime:0.000000s ]
INFO: [ app_init ] --END-- [ RunTime:0.000000s ]
ERR: 无法加载模块:Undefined

[ 2016-08-15T15:06:45+08:00 ] ::1 /hideseek/images/role3.jpg
INFO: [ app_init ] --START--
INFO: Run Behavior\BuildLiteBehavior [ RunTime:0.001000s ]
INFO: [ app_init ] --END-- [ RunTime:0.002000s ]
ERR: 无法加载模块:Images

[ 2016-08-15T15:07:58+08:00 ] ::1 /hideseek/undefined
INFO: [ app_init ] --START--
INFO: Run Behavior\BuildLiteBehavior [ RunTime:0.000000s ]
INFO: [ app_init ] --END-- [ RunTime:0.001000s ]
ERR: 无法加载模块:Undefined

[ 2016-08-15T15:09:01+08:00 ] ::1 /hideseek/undefined
INFO: [ app_init ] --START--
INFO: Run Behavior\BuildLiteBehavior [ RunTime:0.000000s ]
INFO: [ app_init ] --END-- [ RunTime:0.001000s ]
ERR: 无法加载模块:Undefined

[ 2016-08-15T15:09:01+08:00 ] ::1 /hideseek/[object%20HTMLImageElement]
INFO: [ app_init ] --START--
INFO: Run Behavior\BuildLiteBehavior [ RunTime:0.000000s ]
INFO: [ app_init ] --END-- [ RunTime:0.001000s ]
ERR: 无法加载模块:[object HTMLImageElement]

[ 2016-08-15T15:09:01+08:00 ] ::1 /hideseek/[object%20HTMLImageElement]
INFO: [ app_init ] --START--
INFO: Run Behavior\BuildLiteBehavior [ RunTime:0.000000s ]
INFO: [ app_init ] --END-- [ RunTime:0.001000s ]
ERR: 无法加载模块:[object HTMLImageElement]

[ 2016-08-15T15:09:01+08:00 ] ::1 /hideseek/[object%20HTMLImageElement]
INFO: [ app_init ] --START--
INFO: Run Behavior\BuildLiteBehavior [ RunTime:0.000000s ]
INFO: [ app_init ] --END-- [ RunTime:0.001000s ]
ERR: 无法加载模块:[object HTMLImageElement]

[ 2016-08-15T15:09:01+08:00 ] ::1 /hideseek/[object%20HTMLImageElement]
INFO: [ app_init ] --START--
INFO: Run Behavior\BuildLiteBehavior [ RunTime:0.000000s ]
INFO: [ app_init ] --END-- [ RunTime:0.000000s ]
ERR: 无法加载模块:[object HTMLImageElement]

[ 2016-08-15T15:09:01+08:00 ] ::1 /hideseek/[object%20HTMLImageElement]
INFO: [ app_init ] --START--
INFO: Run Behavior\BuildLiteBehavior [ RunTime:0.000000s ]
INFO: [ app_init ] --END-- [ RunTime:0.000000s ]
ERR: 无法加载模块:[object HTMLImageElement]

[ 2016-08-15T15:09:01+08:00 ] ::1 /hideseek/[object%20HTMLImageElement]
INFO: [ app_init ] --START--
INFO: Run Behavior\BuildLiteBehavior [ RunTime:0.000000s ]
INFO: [ app_init ] --END-- [ RunTime:0.001000s ]
ERR: 无法加载模块:[object HTMLImageElement]

[ 2016-08-15T15:09:01+08:00 ] ::1 /hideseek/[object%20HTMLImageElement]
INFO: [ app_init ] --START--
INFO: Run Behavior\BuildLiteBehavior [ RunTime:0.000000s ]
INFO: [ app_init ] --END-- [ RunTime:0.001000s ]
ERR: 无法加载模块:[object HTMLImageElement]

[ 2016-08-15T15:09:01+08:00 ] ::1 /hideseek/[object%20HTMLImageElement]
INFO: [ app_init ] --START--
INFO: Run Behavior\BuildLiteBehavior [ RunTime:0.000000s ]
INFO: [ app_init ] --END-- [ RunTime:0.001000s ]
ERR: 无法加载模块:[object HTMLImageElement]

[ 2016-08-15T15:09:01+08:00 ] ::1 /hideseek/[object%20HTMLImageElement]
INFO: [ app_init ] --START--
INFO: Run Behavior\BuildLiteBehavior [ RunTime:0.000000s ]
INFO: [ app_init ] --END-- [ RunTime:0.001000s ]
ERR: 无法加载模块:[object HTMLImageElement]

[ 2016-08-15T15:09:02+08:00 ] ::1 /hideseek/[object%20HTMLImageElement]
INFO: [ app_init ] --START--
INFO: Run Behavior\BuildLiteBehavior [ RunTime:0.000000s ]
INFO: [ app_init ] --END-- [ RunTime:0.001000s ]
ERR: 无法加载模块:[object HTMLImageElement]

[ 2016-08-15T15:09:02+08:00 ] ::1 /hideseek/[object%20HTMLImageElement]
INFO: [ app_init ] --START--
INFO: Run Behavior\BuildLiteBehavior [ RunTime:0.000000s ]
INFO: [ app_init ] --END-- [ RunTime:0.000000s ]
ERR: 无法加载模块:[object HTMLImageElement]

[ 2016-08-15T15:09:02+08:00 ] ::1 /hideseek/[object%20HTMLImageElement]
INFO: [ app_init ] --START--
INFO: Run Behavior\BuildLiteBehavior [ RunTime:0.000000s ]
INFO: [ app_init ] --END-- [ RunTime:0.001000s ]
ERR: 无法加载模块:[object HTMLImageElement]

[ 2016-08-15T15:09:02+08:00 ] ::1 /hideseek/[object%20HTMLImageElement]
INFO: [ app_init ] --START--
INFO: Run Behavior\BuildLiteBehavior [ RunTime:0.000000s ]
INFO: [ app_init ] --END-- [ RunTime:0.001000s ]
ERR: 无法加载模块:[object HTMLImageElement]

[ 2016-08-15T15:09:02+08:00 ] ::1 /hideseek/[object%20HTMLImageElement]
INFO: [ app_init ] --START--
INFO: Run Behavior\BuildLiteBehavior [ RunTime:0.000000s ]
INFO: [ app_init ] --END-- [ RunTime:0.001000s ]
ERR: 无法加载模块:[object HTMLImageElement]

[ 2016-08-15T15:09:02+08:00 ] ::1 /hideseek/[object%20HTMLImageElement]
INFO: [ app_init ] --START--
INFO: Run Behavior\BuildLiteBehavior [ RunTime:0.000000s ]
INFO: [ app_init ] --END-- [ RunTime:0.001000s ]
ERR: 无法加载模块:[object HTMLImageElement]

[ 2016-08-15T15:09:02+08:00 ] ::1 /hideseek/[object%20HTMLImageElement]
INFO: [ app_init ] --START--
INFO: Run Behavior\BuildLiteBehavior [ RunTime:0.000000s ]
INFO: [ app_init ] --END-- [ RunTime:0.001000s ]
ERR: 无法加载模块:[object HTMLImageElement]

[ 2016-08-15T15:09:02+08:00 ] ::1 /hideseek/[object%20HTMLImageElement]
INFO: [ app_init ] --START--
INFO: Run Behavior\BuildLiteBehavior [ RunTime:0.000000s ]
INFO: [ app_init ] --END-- [ RunTime:0.000000s ]
ERR: 无法加载模块:[object HTMLImageElement]

[ 2016-08-15T15:09:02+08:00 ] ::1 /hideseek/[object%20HTMLImageElement]
INFO: [ app_init ] --START--
INFO: Run Behavior\BuildLiteBehavior [ RunTime:0.000000s ]
INFO: [ app_init ] --END-- [ RunTime:0.000000s ]
ERR: 无法加载模块:[object HTMLImageElement]

[ 2016-08-15T15:09:02+08:00 ] ::1 /hideseek/[object%20HTMLImageElement]
INFO: [ app_init ] --START--
INFO: Run Behavior\BuildLiteBehavior [ RunTime:0.000000s ]
INFO: [ app_init ] --END-- [ RunTime:0.000000s ]
ERR: 无法加载模块:[object HTMLImageElement]

[ 2016-08-15T15:09:03+08:00 ] ::1 /hideseek/[object%20HTMLImageElement]
INFO: [ app_init ] --START--
INFO: Run Behavior\BuildLiteBehavior [ RunTime:0.000000s ]
INFO: [ app_init ] --END-- [ RunTime:0.000000s ]
ERR: 无法加载模块:[object HTMLImageElement]

[ 2016-08-15T15:09:03+08:00 ] ::1 /hideseek/[object%20HTMLImageElement]
INFO: [ app_init ] --START--
INFO: Run Behavior\BuildLiteBehavior [ RunTime:0.000000s ]
INFO: [ app_init ] --END-- [ RunTime:0.001000s ]
ERR: 无法加载模块:[object HTMLImageElement]

[ 2016-08-15T15:16:50+08:00 ] ::1 /hideseek/undefined
INFO: [ app_init ] --START--
INFO: Run Behavior\BuildLiteBehavior [ RunTime:0.000000s ]
INFO: [ app_init ] --END-- [ RunTime:0.003000s ]
ERR: 无法加载模块:Undefined

[ 2016-08-15T15:16:51+08:00 ] ::1 /hideseek/[object%20HTMLImageElement]
INFO: [ app_init ] --START--
INFO: Run Behavior\BuildLiteBehavior [ RunTime:0.000000s ]
INFO: [ app_init ] --END-- [ RunTime:0.001000s ]
ERR: 无法加载模块:[object HTMLImageElement]

[ 2016-08-15T15:16:51+08:00 ] ::1 /hideseek/[object%20HTMLImageElement]
INFO: [ app_init ] --START--
INFO: Run Behavior\BuildLiteBehavior [ RunTime:0.000000s ]
INFO: [ app_init ] --END-- [ RunTime:0.000000s ]
ERR: 无法加载模块:[object HTMLImageElement]

[ 2016-08-15T15:16:51+08:00 ] ::1 /hideseek/[object%20HTMLImageElement]
INFO: [ app_init ] --START--
INFO: Run Behavior\BuildLiteBehavior [ RunTime:0.000000s ]
INFO: [ app_init ] --END-- [ RunTime:0.001001s ]
ERR: 无法加载模块:[object HTMLImageElement]

[ 2016-08-15T15:16:51+08:00 ] ::1 /hideseek/[object%20HTMLImageElement]
INFO: [ app_init ] --START--
INFO: Run Behavior\BuildLiteBehavior [ RunTime:0.000000s ]
INFO: [ app_init ] --END-- [ RunTime:0.001000s ]
ERR: 无法加载模块:[object HTMLImageElement]

[ 2016-08-15T15:16:51+08:00 ] ::1 /hideseek/[object%20HTMLImageElement]
INFO: [ app_init ] --START--
INFO: Run Behavior\BuildLiteBehavior [ RunTime:0.000000s ]
INFO: [ app_init ] --END-- [ RunTime:0.001000s ]
ERR: 无法加载模块:[object HTMLImageElement]

[ 2016-08-15T15:16:51+08:00 ] ::1 /hideseek/[object%20HTMLImageElement]
INFO: [ app_init ] --START--
INFO: Run Behavior\BuildLiteBehavior [ RunTime:0.000000s ]
INFO: [ app_init ] --END-- [ RunTime:0.000000s ]
ERR: 无法加载模块:[object HTMLImageElement]

[ 2016-08-15T15:16:51+08:00 ] ::1 /hideseek/[object%20HTMLImageElement]
INFO: [ app_init ] --START--
INFO: Run Behavior\BuildLiteBehavior [ RunTime:0.000000s ]
INFO: [ app_init ] --END-- [ RunTime:0.000000s ]
ERR: 无法加载模块:[object HTMLImageElement]

[ 2016-08-15T15:16:51+08:00 ] ::1 /hideseek/[object%20HTMLImageElement]
INFO: [ app_init ] --START--
INFO: Run Behavior\BuildLiteBehavior [ RunTime:0.000000s ]
INFO: [ app_init ] --END-- [ RunTime:0.001000s ]
ERR: 无法加载模块:[object HTMLImageElement]

[ 2016-08-15T15:16:51+08:00 ] ::1 /hideseek/[object%20HTMLImageElement]
INFO: [ app_init ] --START--
INFO: Run Behavior\BuildLiteBehavior [ RunTime:0.000000s ]
INFO: [ app_init ] --END-- [ RunTime:0.000000s ]
ERR: 无法加载模块:[object HTMLImageElement]

[ 2016-08-15T15:16:51+08:00 ] ::1 /hideseek/[object%20HTMLImageElement]
INFO: [ app_init ] --START--
INFO: Run Behavior\BuildLiteBehavior [ RunTime:0.000000s ]
INFO: [ app_init ] --END-- [ RunTime:0.001000s ]
ERR: 无法加载模块:[object HTMLImageElement]

[ 2016-08-15T15:16:52+08:00 ] ::1 /hideseek/[object%20HTMLImageElement]
INFO: [ app_init ] --START--
INFO: Run Behavior\BuildLiteBehavior [ RunTime:0.000000s ]
INFO: [ app_init ] --END-- [ RunTime:0.001000s ]
ERR: 无法加载模块:[object HTMLImageElement]

[ 2016-08-15T15:16:52+08:00 ] ::1 /hideseek/[object%20HTMLImageElement]
INFO: [ app_init ] --START--
INFO: Run Behavior\BuildLiteBehavior [ RunTime:0.000000s ]
INFO: [ app_init ] --END-- [ RunTime:0.000000s ]
ERR: 无法加载模块:[object HTMLImageElement]

[ 2016-08-15T15:16:52+08:00 ] ::1 /hideseek/[object%20HTMLImageElement]
INFO: [ app_init ] --START--
INFO: Run Behavior\BuildLiteBehavior [ RunTime:0.000000s ]
INFO: [ app_init ] --END-- [ RunTime:0.000000s ]
ERR: 无法加载模块:[object HTMLImageElement]

[ 2016-08-15T15:16:52+08:00 ] ::1 /hideseek/[object%20HTMLImageElement]
INFO: [ app_init ] --START--
INFO: Run Behavior\BuildLiteBehavior [ RunTime:0.000000s ]
INFO: [ app_init ] --END-- [ RunTime:0.001000s ]
ERR: 无法加载模块:[object HTMLImageElement]

[ 2016-08-15T15:16:52+08:00 ] ::1 /hideseek/[object%20HTMLImageElement]
INFO: [ app_init ] --START--
INFO: Run Behavior\BuildLiteBehavior [ RunTime:0.000000s ]
INFO: [ app_init ] --END-- [ RunTime:0.000000s ]
ERR: 无法加载模块:[object HTMLImageElement]

[ 2016-08-15T15:16:52+08:00 ] ::1 /hideseek/[object%20HTMLImageElement]
INFO: [ app_init ] --START--
INFO: Run Behavior\BuildLiteBehavior [ RunTime:0.000000s ]
INFO: [ app_init ] --END-- [ RunTime:0.001000s ]
ERR: 无法加载模块:[object HTMLImageElement]

[ 2016-08-15T15:16:52+08:00 ] ::1 /hideseek/[object%20HTMLImageElement]
INFO: [ app_init ] --START--
INFO: Run Behavior\BuildLiteBehavior [ RunTime:0.000000s ]
INFO: [ app_init ] --END-- [ RunTime:0.001000s ]
ERR: 无法加载模块:[object HTMLImageElement]

[ 2016-08-15T15:16:52+08:00 ] ::1 /hideseek/[object%20HTMLImageElement]
INFO: [ app_init ] --START--
INFO: Run Behavior\BuildLiteBehavior [ RunTime:0.000000s ]
INFO: [ app_init ] --END-- [ RunTime:0.001000s ]
ERR: 无法加载模块:[object HTMLImageElement]

[ 2016-08-15T15:16:52+08:00 ] ::1 /hideseek/[object%20HTMLImageElement]
INFO: [ app_init ] --START--
INFO: Run Behavior\BuildLiteBehavior [ RunTime:0.000000s ]
INFO: [ app_init ] --END-- [ RunTime:0.001000s ]
ERR: 无法加载模块:[object HTMLImageElement]

[ 2016-08-15T15:16:52+08:00 ] ::1 /hideseek/[object%20HTMLImageElement]
INFO: [ app_init ] --START--
INFO: Run Behavior\BuildLiteBehavior [ RunTime:0.000000s ]
INFO: [ app_init ] --END-- [ RunTime:0.001000s ]
ERR: 无法加载模块:[object HTMLImageElement]

[ 2016-08-15T15:16:53+08:00 ] ::1 /hideseek/[object%20HTMLImageElement]
INFO: [ app_init ] --START--
INFO: Run Behavior\BuildLiteBehavior [ RunTime:0.000000s ]
INFO: [ app_init ] --END-- [ RunTime:0.000000s ]
ERR: 无法加载模块:[object HTMLImageElement]

[ 2016-08-15T15:18:01+08:00 ] ::1 /hideseek/undefined
INFO: [ app_init ] --START--
INFO: Run Behavior\BuildLiteBehavior [ RunTime:0.000000s ]
INFO: [ app_init ] --END-- [ RunTime:0.001000s ]
ERR: 无法加载模块:Undefined

[ 2016-08-15T15:18:01+08:00 ] ::1 /hideseek/[object%20HTMLImageElement]
INFO: [ app_init ] --START--
INFO: Run Behavior\BuildLiteBehavior [ RunTime:0.000000s ]
INFO: [ app_init ] --END-- [ RunTime:0.002000s ]
ERR: 无法加载模块:[object HTMLImageElement]

[ 2016-08-15T15:18:02+08:00 ] ::1 /hideseek/[object%20HTMLImageElement]
INFO: [ app_init ] --START--
INFO: Run Behavior\BuildLiteBehavior [ RunTime:0.000000s ]
INFO: [ app_init ] --END-- [ RunTime:0.001000s ]
ERR: 无法加载模块:[object HTMLImageElement]

[ 2016-08-15T15:18:02+08:00 ] ::1 /hideseek/[object%20HTMLImageElement]
INFO: [ app_init ] --START--
INFO: Run Behavior\BuildLiteBehavior [ RunTime:0.000000s ]
INFO: [ app_init ] --END-- [ RunTime:0.000000s ]
ERR: 无法加载模块:[object HTMLImageElement]

[ 2016-08-15T15:18:02+08:00 ] ::1 /hideseek/[object%20HTMLImageElement]
INFO: [ app_init ] --START--
INFO: Run Behavior\BuildLiteBehavior [ RunTime:0.000000s ]
INFO: [ app_init ] --END-- [ RunTime:0.000000s ]
ERR: 无法加载模块:[object HTMLImageElement]

[ 2016-08-15T15:18:02+08:00 ] ::1 /hideseek/[object%20HTMLImageElement]
INFO: [ app_init ] --START--
INFO: Run Behavior\BuildLiteBehavior [ RunTime:0.000000s ]
INFO: [ app_init ] --END-- [ RunTime:0.000000s ]
ERR: 无法加载模块:[object HTMLImageElement]

[ 2016-08-15T15:18:02+08:00 ] ::1 /hideseek/[object%20HTMLImageElement]
INFO: [ app_init ] --START--
INFO: Run Behavior\BuildLiteBehavior [ RunTime:0.000000s ]
INFO: [ app_init ] --END-- [ RunTime:0.000000s ]
ERR: 无法加载模块:[object HTMLImageElement]

[ 2016-08-15T15:18:02+08:00 ] ::1 /hideseek/[object%20HTMLImageElement]
INFO: [ app_init ] --START--
INFO: Run Behavior\BuildLiteBehavior [ RunTime:0.000000s ]
INFO: [ app_init ] --END-- [ RunTime:0.000000s ]
ERR: 无法加载模块:[object HTMLImageElement]

[ 2016-08-15T15:18:02+08:00 ] ::1 /hideseek/[object%20HTMLImageElement]
INFO: [ app_init ] --START--
INFO: Run Behavior\BuildLiteBehavior [ RunTime:0.000000s ]
INFO: [ app_init ] --END-- [ RunTime:0.000000s ]
ERR: 无法加载模块:[object HTMLImageElement]

[ 2016-08-15T15:18:02+08:00 ] ::1 /hideseek/[object%20HTMLImageElement]
INFO: [ app_init ] --START--
INFO: Run Behavior\BuildLiteBehavior [ RunTime:0.000000s ]
INFO: [ app_init ] --END-- [ RunTime:0.000000s ]
ERR: 无法加载模块:[object HTMLImageElement]

[ 2016-08-15T15:18:02+08:00 ] ::1 /hideseek/[object%20HTMLImageElement]
INFO: [ app_init ] --START--
INFO: Run Behavior\BuildLiteBehavior [ RunTime:0.000000s ]
INFO: [ app_init ] --END-- [ RunTime:0.001000s ]
ERR: 无法加载模块:[object HTMLImageElement]

[ 2016-08-15T15:18:03+08:00 ] ::1 /hideseek/[object%20HTMLImageElement]
INFO: [ app_init ] --START--
INFO: Run Behavior\BuildLiteBehavior [ RunTime:0.000000s ]
INFO: [ app_init ] --END-- [ RunTime:0.001000s ]
ERR: 无法加载模块:[object HTMLImageElement]

[ 2016-08-15T15:18:03+08:00 ] ::1 /hideseek/[object%20HTMLImageElement]
INFO: [ app_init ] --START--
INFO: Run Behavior\BuildLiteBehavior [ RunTime:0.000000s ]
INFO: [ app_init ] --END-- [ RunTime:0.001000s ]
ERR: 无法加载模块:[object HTMLImageElement]

[ 2016-08-15T15:18:03+08:00 ] ::1 /hideseek/[object%20HTMLImageElement]
INFO: [ app_init ] --START--
INFO: Run Behavior\BuildLiteBehavior [ RunTime:0.001000s ]
INFO: [ app_init ] --END-- [ RunTime:0.001000s ]
ERR: 无法加载模块:[object HTMLImageElement]

[ 2016-08-15T15:18:03+08:00 ] ::1 /hideseek/[object%20HTMLImageElement]
INFO: [ app_init ] --START--
INFO: Run Behavior\BuildLiteBehavior [ RunTime:0.000000s ]
INFO: [ app_init ] --END-- [ RunTime:0.000000s ]
ERR: 无法加载模块:[object HTMLImageElement]

[ 2016-08-15T15:18:03+08:00 ] ::1 /hideseek/[object%20HTMLImageElement]
INFO: [ app_init ] --START--
INFO: Run Behavior\BuildLiteBehavior [ RunTime:0.000000s ]
INFO: [ app_init ] --END-- [ RunTime:0.000000s ]
ERR: 无法加载模块:[object HTMLImageElement]

[ 2016-08-15T15:18:03+08:00 ] ::1 /hideseek/[object%20HTMLImageElement]
INFO: [ app_init ] --START--
INFO: Run Behavior\BuildLiteBehavior [ RunTime:0.000000s ]
INFO: [ app_init ] --END-- [ RunTime:0.000000s ]
ERR: 无法加载模块:[object HTMLImageElement]

[ 2016-08-15T15:18:03+08:00 ] ::1 /hideseek/[object%20HTMLImageElement]
INFO: [ app_init ] --START--
INFO: Run Behavior\BuildLiteBehavior [ RunTime:0.000000s ]
INFO: [ app_init ] --END-- [ RunTime:0.001000s ]
ERR: 无法加载模块:[object HTMLImageElement]

[ 2016-08-15T15:18:03+08:00 ] ::1 /hideseek/[object%20HTMLImageElement]
INFO: [ app_init ] --START--
INFO: Run Behavior\BuildLiteBehavior [ RunTime:0.000000s ]
INFO: [ app_init ] --END-- [ RunTime:0.001000s ]
ERR: 无法加载模块:[object HTMLImageElement]

[ 2016-08-15T15:18:03+08:00 ] ::1 /hideseek/[object%20HTMLImageElement]
INFO: [ app_init ] --START--
INFO: Run Behavior\BuildLiteBehavior [ RunTime:0.000000s ]
INFO: [ app_init ] --END-- [ RunTime:0.001000s ]
ERR: 无法加载模块:[object HTMLImageElement]

[ 2016-08-15T15:18:03+08:00 ] ::1 /hideseek/[object%20HTMLImageElement]
INFO: [ app_init ] --START--
INFO: Run Behavior\BuildLiteBehavior [ RunTime:0.000000s ]
INFO: [ app_init ] --END-- [ RunTime:0.000000s ]
ERR: 无法加载模块:[object HTMLImageElement]

[ 2016-08-15T15:18:04+08:00 ] ::1 /hideseek/[object%20HTMLImageElement]
INFO: [ app_init ] --START--
INFO: Run Behavior\BuildLiteBehavior [ RunTime:0.000000s ]
INFO: [ app_init ] --END-- [ RunTime:0.001000s ]
ERR: 无法加载模块:[object HTMLImageElement]

