[ 2016-07-25T13:02:40+08:00 ] ::1 /hideseek/webpnet/images/horizSlider.png
INFO: [ app_init ] --START--
INFO: Run Behavior\BuildLiteBehavior [ RunTime:0.000000s ]
INFO: [ app_init ] --END-- [ RunTime:0.103006s ]
ERR: 无法加载模块:Webpnet

[ 2016-07-25T18:21:01+08:00 ] ::1 /hideseek/webpnet/images/horizSlider.png
INFO: [ app_init ] --START--
INFO: Run Behavior\BuildLiteBehavior [ RunTime:0.000000s ]
INFO: [ app_init ] --END-- [ RunTime:0.103006s ]
ERR: 无法加载模块:Webpnet

[ 2016-07-25T18:21:50+08:00 ] ::1 /hideseek/webpnet/images/horizSlider.png
INFO: [ app_init ] --START--
INFO: Run Behavior\BuildLiteBehavior [ RunTime:0.000000s ]
INFO: [ app_init ] --END-- [ RunTime:0.001000s ]
ERR: 无法加载模块:Webpnet

[ 2016-07-25T18:21:53+08:00 ] ::1 /hideseek/webpnet/images/horizSlider.png
INFO: [ app_init ] --START--
INFO: Run Behavior\BuildLiteBehavior [ RunTime:0.000000s ]
INFO: [ app_init ] --END-- [ RunTime:0.001000s ]
ERR: 无法加载模块:Webpnet

[ 2016-07-25T18:28:04+08:00 ] ::1 /hideseek/webpnet/images/horizSlider.png
INFO: [ app_init ] --START--
INFO: Run Behavior\BuildLiteBehavior [ RunTime:0.000000s ]
INFO: [ app_init ] --END-- [ RunTime:0.001000s ]
ERR: 无法加载模块:Webpnet

[ 2016-07-25T18:28:23+08:00 ] ::1 /hideseek/webpnet/images/horizSlider.png
INFO: [ app_init ] --START--
INFO: Run Behavior\BuildLiteBehavior [ RunTime:0.000000s ]
INFO: [ app_init ] --END-- [ RunTime:0.000000s ]
ERR: 无法加载模块:Webpnet

[ 2016-07-25T18:28:33+08:00 ] ::1 /hideseek/webpnet/images/horizSlider.png
INFO: [ app_init ] --START--
INFO: Run Behavior\BuildLiteBehavior [ RunTime:0.000000s ]
INFO: [ app_init ] --END-- [ RunTime:0.001000s ]
ERR: 无法加载模块:Webpnet

