[ 2016-07-26T09:06:42+08:00 ] ::1 /hideseek/webpnet/img/test.jpg
INFO: [ app_init ] --START--
INFO: Run Behavior\BuildLiteBehavior [ RunTime:0.000000s ]
INFO: [ app_init ] --END-- [ RunTime:0.081004s ]
ERR: 无法加载模块:Webpnet

[ 2016-07-26T09:07:43+08:00 ] 192.168.0.104 /hideseek/webpnet/img/test.jpg
INFO: [ app_init ] --START--
INFO: Run Behavior\BuildLiteBehavior [ RunTime:0.000000s ]
INFO: [ app_init ] --END-- [ RunTime:0.013001s ]
ERR: 无法加载模块:Webpnet

[ 2016-07-26T10:40:25+08:00 ] ::1 /hideseek/webpnet/+url+
INFO: [ app_init ] --START--
INFO: Run Behavior\BuildLiteBehavior [ RunTime:0.000000s ]
INFO: [ app_init ] --END-- [ RunTime:0.066004s ]
ERR: 无法加载模块:Webpnet

[ 2016-07-26T17:13:48+08:00 ] ::1 /hideseek/webpnet/img/upframe.png%20id=
INFO: [ app_init ] --START--
INFO: Run Behavior\BuildLiteBehavior [ RunTime:0.000000s ]
INFO: [ app_init ] --END-- [ RunTime:0.092006s ]
ERR: 无法加载模块:Webpnet

[ 2016-07-26T17:24:48+08:00 ] ::1 /hideseek/webpnet/img/downframe.png
INFO: [ app_init ] --START--
INFO: Run Behavior\BuildLiteBehavior [ RunTime:0.000000s ]
INFO: [ app_init ] --END-- [ RunTime:0.012001s ]
ERR: 无法加载模块:Webpnet

